2026-01-24T18:56:02.542798Z  INFO tailwindcss_oxide::scanner: Provided sources:
2026-01-24T18:56:02.642039Z  INFO tailwindcss_oxide::scanner: Source: PublicSourceEntry { base: "G:\\GitHub\\nand15-website", pattern: "**/*", negated: false }
2026-01-24T18:56:02.833331Z  INFO tailwindcss_oxide::scanner: Optimized sources:
2026-01-24T18:56:02.833368Z  INFO tailwindcss_oxide::scanner: Source: Auto { base: "G:\\GitHub\\nand15-website" }
2026-01-24T18:56:03.483779Z  INFO scan_sources: tailwindcss_oxide::scanner: enter
2026-01-24T18:56:03.564409Z  INFO scan_sources: tailwindcss_oxide::scanner: Discovering "G:\\GitHub\\nand15-website\\app"
2026-01-24T18:56:03.564689Z  INFO scan_sources: tailwindcss_oxide::scanner: Discovering "G:\\GitHub\\nand15-website\\app\\globals.css"
2026-01-24T18:56:03.565095Z  INFO scan_sources: tailwindcss_oxide::scanner: Discovering "G:\\GitHub\\nand15-website\\app\\layout.tsx"
2026-01-24T18:56:03.565185Z  INFO scan_sources: tailwindcss_oxide::scanner: Discovering "G:\\GitHub\\nand15-website\\app\\page.tsx"
2026-01-24T18:56:03.565312Z  INFO scan_sources: tailwindcss_oxide::scanner: Discovering "G:\\GitHub\\nand15-website\\eslint.config.mjs"
2026-01-24T18:56:03.565393Z  INFO scan_sources: tailwindcss_oxide::scanner: Discovering "G:\\GitHub\\nand15-website\\next.config.ts"
2026-01-24T18:56:03.565651Z  INFO scan_sources: tailwindcss_oxide::scanner: Discovering "G:\\GitHub\\nand15-website\\package.json"
2026-01-24T18:56:03.565728Z  INFO scan_sources: tailwindcss_oxide::scanner: Discovering "G:\\GitHub\\nand15-website\\postcss.config.mjs"
2026-01-24T18:56:03.565827Z  INFO scan_sources: tailwindcss_oxide::scanner: Discovering "G:\\GitHub\\nand15-website\\public"
2026-01-24T18:56:03.565954Z  INFO scan_sources: tailwindcss_oxide::scanner: Discovering "G:\\GitHub\\nand15-website\\public\\file.svg"
2026-01-24T18:56:03.566013Z  INFO scan_sources: tailwindcss_oxide::scanner: Discovering "G:\\GitHub\\nand15-website\\public\\globe.svg"
2026-01-24T18:56:03.566073Z  INFO scan_sources: tailwindcss_oxide::scanner: Discovering "G:\\GitHub\\nand15-website\\public\\next.svg"
2026-01-24T18:56:03.566134Z  INFO scan_sources: tailwindcss_oxide::scanner: Discovering "G:\\GitHub\\nand15-website\\public\\vercel.svg"
2026-01-24T18:56:03.566191Z  INFO scan_sources: tailwindcss_oxide::scanner: Discovering "G:\\GitHub\\nand15-website\\public\\window.svg"
2026-01-24T18:56:03.566266Z  INFO scan_sources: tailwindcss_oxide::scanner: Discovering "G:\\GitHub\\nand15-website\\README.md"
2026-01-24T18:56:03.566337Z  INFO scan_sources: tailwindcss_oxide::scanner: Discovering "G:\\GitHub\\nand15-website\\tsconfig.json"
2026-01-24T18:56:03.566425Z  INFO scan_sources: tailwindcss_oxide::scanner: exit
2026-01-24T18:56:03.566435Z  INFO extract_candidates: tailwindcss_oxide::scanner: enter
2026-01-24T18:56:03.566442Z  INFO extract_candidates:read_all_files: tailwindcss_oxide::scanner: enter
2026-01-24T18:56:03.566447Z  INFO extract_candidates:read_all_files: tailwindcss_oxide::scanner: Reading 13 file(s)
2026-01-24T18:56:03.665344Z  INFO tailwindcss_oxide::scanner: Reading "G:\\GitHub\\nand15-website\\eslint.config.mjs"
2026-01-24T18:56:03.665348Z  INFO tailwindcss_oxide::scanner: Reading "G:\\GitHub\\nand15-website\\public\\vercel.svg"
2026-01-24T18:56:03.665377Z  INFO tailwindcss_oxide::scanner: Reading "G:\\GitHub\\nand15-website\\postcss.config.mjs"
2026-01-24T18:56:03.665336Z  INFO tailwindcss_oxide::scanner: Reading "G:\\GitHub\\nand15-website\\app\\page.tsx"
2026-01-24T18:56:03.665367Z  INFO tailwindcss_oxide::scanner: Reading "G:\\GitHub\\nand15-website\\next.config.ts"
2026-01-24T18:56:03.665391Z  INFO tailwindcss_oxide::scanner: Reading "G:\\GitHub\\nand15-website\\tsconfig.json"
2026-01-24T18:56:03.665363Z  INFO tailwindcss_oxide::scanner: Reading "G:\\GitHub\\nand15-website\\public\\window.svg"
2026-01-24T18:56:03.665336Z  INFO tailwindcss_oxide::scanner: Reading "G:\\GitHub\\nand15-website\\package.json"
2026-01-24T18:56:03.665363Z  INFO tailwindcss_oxide::scanner: Reading "G:\\GitHub\\nand15-website\\public\\file.svg"
2026-01-24T18:56:03.665364Z  INFO tailwindcss_oxide::scanner: Reading "G:\\GitHub\\nand15-website\\app\\layout.tsx"
2026-01-24T18:56:03.714027Z  INFO tailwindcss_oxide::scanner: Reading "G:\\GitHub\\nand15-website\\README.md"
2026-01-24T18:56:03.716127Z  INFO tailwindcss_oxide::scanner: Reading "G:\\GitHub\\nand15-website\\public\\globe.svg"
2026-01-24T18:56:03.720846Z  INFO tailwindcss_oxide::scanner: Reading "G:\\GitHub\\nand15-website\\public\\next.svg"
2026-01-24T18:56:03.720989Z  INFO extract_candidates:read_all_files: tailwindcss_oxide::scanner: exit
2026-01-24T18:56:03.721024Z  INFO extract_candidates:parse_all_blobs: tailwindcss_oxide::scanner: enter
2026-01-24T18:56:03.721035Z  INFO extract_candidates:parse_all_blobs:extract: tailwindcss_oxide::scanner: enter
2026-01-24T18:56:03.721670Z  INFO extract_candidates:parse_all_blobs:extract: tailwindcss_oxide::scanner: exit
2026-01-24T18:56:03.721690Z  INFO extract_candidates:parse_all_blobs: tailwindcss_oxide::scanner: exit
2026-01-24T18:56:03.721698Z  INFO extract_candidates:read_all_files: tailwindcss_oxide::scanner: enter
2026-01-24T18:56:03.721702Z  INFO extract_candidates:read_all_files: tailwindcss_oxide::scanner: Reading 1 file(s)
2026-01-24T18:56:03.721887Z  INFO extract_candidates:read_all_files: tailwindcss_oxide::scanner: Reading "G:\\GitHub\\nand15-website\\app\\globals.css"
2026-01-24T18:56:03.721899Z  INFO extract_candidates:read_all_files: tailwindcss_oxide::scanner: exit
2026-01-24T18:56:03.721908Z  INFO extract_candidates:extract_css_variables: tailwindcss_oxide::scanner: enter
2026-01-24T18:56:03.721913Z  INFO extract_candidates:extract_css_variables:extract: tailwindcss_oxide::scanner: enter
2026-01-24T18:56:03.722011Z  INFO extract_candidates:extract_css_variables:extract: tailwindcss_oxide::scanner: exit
2026-01-24T18:56:03.722027Z  INFO extract_candidates:extract_css_variables: tailwindcss_oxide::scanner: exit
2026-01-24T18:56:03.722464Z  INFO extract_candidates: tailwindcss_oxide::scanner: exit
2026-01-24T18:56:03.736967Z  INFO get_files: tailwindcss_oxide::scanner: enter
2026-01-24T18:56:03.737000Z  INFO get_files:scan_sources: tailwindcss_oxide::scanner: enter
2026-01-24T18:56:03.738563Z  INFO get_files:scan_sources: tailwindcss_oxide::scanner: Discovering "G:\\GitHub\\nand15-website\\app"
2026-01-24T18:56:03.739394Z  INFO get_files:scan_sources: tailwindcss_oxide::scanner: Discovering "G:\\GitHub\\nand15-website\\public"
2026-01-24T18:56:03.739951Z  INFO get_files:scan_sources: tailwindcss_oxide::scanner: exit
2026-01-24T18:56:03.740112Z  INFO get_files: tailwindcss_oxide::scanner: exit
2026-01-24T18:56:03.740266Z  INFO get_globs: tailwindcss_oxide::scanner: enter
2026-01-24T18:56:03.740275Z  INFO get_globs:scan_sources: tailwindcss_oxide::scanner: enter
2026-01-24T18:56:03.741717Z  INFO get_globs:scan_sources: tailwindcss_oxide::scanner: Discovering "G:\\GitHub\\nand15-website\\app"
2026-01-24T18:56:03.742285Z  INFO get_globs:scan_sources: tailwindcss_oxide::scanner: Discovering "G:\\GitHub\\nand15-website\\public"
2026-01-24T18:56:03.742681Z  INFO get_globs:scan_sources: tailwindcss_oxide::scanner: exit
2026-01-24T18:56:03.744907Z  INFO get_globs: tailwindcss_oxide::scanner: exit
