2026-01-24T19:13:36.412330Z  INFO tailwindcss_oxide::scanner: Provided sources:
2026-01-24T19:13:36.412449Z  INFO tailwindcss_oxide::scanner: Source: PublicSourceEntry { base: "G:\\GitHub\\nand15-website", pattern: "**/*", negated: false }
2026-01-24T19:13:36.412646Z  INFO tailwindcss_oxide::scanner: Optimized sources:
2026-01-24T19:13:36.412664Z  INFO tailwindcss_oxide::scanner: Source: Auto { base: "G:\\GitHub\\nand15-website" }
2026-01-24T19:13:36.414321Z  INFO scan_sources: tailwindcss_oxide::scanner: enter
2026-01-24T19:13:36.416006Z  INFO scan_sources: tailwindcss_oxide::scanner: Discovering "G:\\GitHub\\nand15-website\\app"
2026-01-24T19:13:36.416187Z  INFO scan_sources: tailwindcss_oxide::scanner: Discovering "G:\\GitHub\\nand15-website\\app\\globals.css"
2026-01-24T19:13:36.416522Z  INFO scan_sources: tailwindcss_oxide::scanner: Discovering "G:\\GitHub\\nand15-website\\app\\layout.tsx"
2026-01-24T19:13:36.416605Z  INFO scan_sources: tailwindcss_oxide::scanner: Discovering "G:\\GitHub\\nand15-website\\app\\page.tsx"
2026-01-24T19:13:36.416719Z  INFO scan_sources: tailwindcss_oxide::scanner: Discovering "G:\\GitHub\\nand15-website\\eslint.config.mjs"
2026-01-24T19:13:36.416791Z  INFO scan_sources: tailwindcss_oxide::scanner: Discovering "G:\\GitHub\\nand15-website\\next.config.ts"
2026-01-24T19:13:36.417038Z  INFO scan_sources: tailwindcss_oxide::scanner: Discovering "G:\\GitHub\\nand15-website\\package.json"
2026-01-24T19:13:36.417101Z  INFO scan_sources: tailwindcss_oxide::scanner: Discovering "G:\\GitHub\\nand15-website\\postcss.config.mjs"
2026-01-24T19:13:36.417194Z  INFO scan_sources: tailwindcss_oxide::scanner: Discovering "G:\\GitHub\\nand15-website\\public"
2026-01-24T19:13:36.417319Z  INFO scan_sources: tailwindcss_oxide::scanner: Discovering "G:\\GitHub\\nand15-website\\public\\file.svg"
2026-01-24T19:13:36.417382Z  INFO scan_sources: tailwindcss_oxide::scanner: Discovering "G:\\GitHub\\nand15-website\\public\\globe.svg"
2026-01-24T19:13:36.417444Z  INFO scan_sources: tailwindcss_oxide::scanner: Discovering "G:\\GitHub\\nand15-website\\public\\next.svg"
2026-01-24T19:13:36.417538Z  INFO scan_sources: tailwindcss_oxide::scanner: Discovering "G:\\GitHub\\nand15-website\\public\\vercel.svg"
2026-01-24T19:13:36.417595Z  INFO scan_sources: tailwindcss_oxide::scanner: Discovering "G:\\GitHub\\nand15-website\\public\\window.svg"
2026-01-24T19:13:36.417670Z  INFO scan_sources: tailwindcss_oxide::scanner: Discovering "G:\\GitHub\\nand15-website\\README.md"
2026-01-24T19:13:36.417749Z  INFO scan_sources: tailwindcss_oxide::scanner: Discovering "G:\\GitHub\\nand15-website\\tsconfig.json"
2026-01-24T19:13:36.417828Z  INFO scan_sources: tailwindcss_oxide::scanner: exit
2026-01-24T19:13:36.417838Z  INFO extract_candidates: tailwindcss_oxide::scanner: enter
2026-01-24T19:13:36.417845Z  INFO extract_candidates:read_all_files: tailwindcss_oxide::scanner: enter
2026-01-24T19:13:36.417850Z  INFO extract_candidates:read_all_files: tailwindcss_oxide::scanner: Reading 13 file(s)
2026-01-24T19:13:36.418373Z  INFO tailwindcss_oxide::scanner: Reading "G:\\GitHub\\nand15-website\\public\\globe.svg"
2026-01-24T19:13:36.418375Z  INFO tailwindcss_oxide::scanner: Reading "G:\\GitHub\\nand15-website\\public\\file.svg"
2026-01-24T19:13:36.418390Z  INFO tailwindcss_oxide::scanner: Reading "G:\\GitHub\\nand15-website\\app\\layout.tsx"
2026-01-24T19:13:36.418396Z  INFO tailwindcss_oxide::scanner: Reading "G:\\GitHub\\nand15-website\\README.md"
2026-01-24T19:13:36.418391Z  INFO tailwindcss_oxide::scanner: Reading "G:\\GitHub\\nand15-website\\public\\vercel.svg"
2026-01-24T19:13:36.418430Z  INFO tailwindcss_oxide::scanner: Reading "G:\\GitHub\\nand15-website\\public\\window.svg"
2026-01-24T19:13:36.418497Z  INFO tailwindcss_oxide::scanner: Reading "G:\\GitHub\\nand15-website\\public\\next.svg"
2026-01-24T19:13:36.418495Z  INFO tailwindcss_oxide::scanner: Reading "G:\\GitHub\\nand15-website\\tsconfig.json"
2026-01-24T19:13:36.418506Z  INFO tailwindcss_oxide::scanner: Reading "G:\\GitHub\\nand15-website\\app\\page.tsx"
2026-01-24T19:13:36.418518Z  INFO tailwindcss_oxide::scanner: Reading "G:\\GitHub\\nand15-website\\eslint.config.mjs"
2026-01-24T19:13:36.418524Z  INFO tailwindcss_oxide::scanner: Reading "G:\\GitHub\\nand15-website\\next.config.ts"
2026-01-24T19:13:36.418548Z  INFO tailwindcss_oxide::scanner: Reading "G:\\GitHub\\nand15-website\\postcss.config.mjs"
2026-01-24T19:13:36.418555Z  INFO tailwindcss_oxide::scanner: Reading "G:\\GitHub\\nand15-website\\package.json"
2026-01-24T19:13:36.418668Z  INFO extract_candidates:read_all_files: tailwindcss_oxide::scanner: exit
2026-01-24T19:13:36.418679Z  INFO extract_candidates:parse_all_blobs: tailwindcss_oxide::scanner: enter
2026-01-24T19:13:36.418684Z  INFO extract_candidates:parse_all_blobs:extract: tailwindcss_oxide::scanner: enter
2026-01-24T19:13:36.419001Z  INFO extract_candidates:parse_all_blobs:extract: tailwindcss_oxide::scanner: exit
2026-01-24T19:13:36.419018Z  INFO extract_candidates:parse_all_blobs: tailwindcss_oxide::scanner: exit
2026-01-24T19:13:36.419025Z  INFO extract_candidates:read_all_files: tailwindcss_oxide::scanner: enter
2026-01-24T19:13:36.419030Z  INFO extract_candidates:read_all_files: tailwindcss_oxide::scanner: Reading 1 file(s)
2026-01-24T19:13:36.419121Z  INFO extract_candidates:read_all_files: tailwindcss_oxide::scanner: Reading "G:\\GitHub\\nand15-website\\app\\globals.css"
2026-01-24T19:13:36.419132Z  INFO extract_candidates:read_all_files: tailwindcss_oxide::scanner: exit
2026-01-24T19:13:36.419141Z  INFO extract_candidates:extract_css_variables: tailwindcss_oxide::scanner: enter
2026-01-24T19:13:36.419146Z  INFO extract_candidates:extract_css_variables:extract: tailwindcss_oxide::scanner: enter
2026-01-24T19:13:36.419261Z  INFO extract_candidates:extract_css_variables:extract: tailwindcss_oxide::scanner: exit
2026-01-24T19:13:36.419275Z  INFO extract_candidates:extract_css_variables: tailwindcss_oxide::scanner: exit
2026-01-24T19:13:36.419635Z  INFO extract_candidates: tailwindcss_oxide::scanner: exit
2026-01-24T19:13:36.419863Z  INFO get_files: tailwindcss_oxide::scanner: enter
2026-01-24T19:13:36.419873Z  INFO get_files:scan_sources: tailwindcss_oxide::scanner: enter
2026-01-24T19:13:36.420993Z  INFO get_files:scan_sources: tailwindcss_oxide::scanner: Discovering "G:\\GitHub\\nand15-website\\app"
2026-01-24T19:13:36.421697Z  INFO get_files:scan_sources: tailwindcss_oxide::scanner: Discovering "G:\\GitHub\\nand15-website\\public"
2026-01-24T19:13:36.422096Z  INFO get_files:scan_sources: tailwindcss_oxide::scanner: exit
2026-01-24T19:13:36.422189Z  INFO get_files: tailwindcss_oxide::scanner: exit
2026-01-24T19:13:36.422314Z  INFO get_globs: tailwindcss_oxide::scanner: enter
2026-01-24T19:13:36.422323Z  INFO get_globs:scan_sources: tailwindcss_oxide::scanner: enter
2026-01-24T19:13:36.423839Z  INFO get_globs:scan_sources: tailwindcss_oxide::scanner: Discovering "G:\\GitHub\\nand15-website\\app"
2026-01-24T19:13:36.424431Z  INFO get_globs:scan_sources: tailwindcss_oxide::scanner: Discovering "G:\\GitHub\\nand15-website\\public"
2026-01-24T19:13:36.424804Z  INFO get_globs:scan_sources: tailwindcss_oxide::scanner: exit
2026-01-24T19:13:36.427154Z  INFO get_globs: tailwindcss_oxide::scanner: exit
2026-01-24T19:18:44.837023Z  INFO scan_sources: tailwindcss_oxide::scanner: enter
2026-01-24T19:18:44.838267Z  INFO scan_sources: tailwindcss_oxide::scanner: Discovering "G:\\GitHub\\nand15-website\\app"
2026-01-24T19:18:44.838470Z  INFO scan_sources: tailwindcss_oxide::scanner: Discovering "G:\\GitHub\\nand15-website\\app\\page.tsx"
2026-01-24T19:18:44.838865Z  INFO scan_sources: tailwindcss_oxide::scanner: Discovering "G:\\GitHub\\nand15-website\\public"
2026-01-24T19:18:44.839255Z  INFO scan_sources: tailwindcss_oxide::scanner: exit
2026-01-24T19:18:44.839264Z  INFO extract_candidates: tailwindcss_oxide::scanner: enter
2026-01-24T19:18:44.839269Z  INFO extract_candidates:read_all_files: tailwindcss_oxide::scanner: enter
2026-01-24T19:18:44.839273Z  INFO extract_candidates:read_all_files: tailwindcss_oxide::scanner: Reading 1 file(s)
2026-01-24T19:18:44.839343Z  INFO extract_candidates:read_all_files: tailwindcss_oxide::scanner: Reading "G:\\GitHub\\nand15-website\\app\\page.tsx"
2026-01-24T19:18:44.839392Z  INFO extract_candidates:read_all_files: tailwindcss_oxide::scanner: exit
2026-01-24T19:18:44.839399Z  INFO extract_candidates:parse_all_blobs: tailwindcss_oxide::scanner: enter
2026-01-24T19:18:44.839402Z  INFO extract_candidates:parse_all_blobs:extract: tailwindcss_oxide::scanner: enter
2026-01-24T19:18:44.839589Z  INFO extract_candidates:parse_all_blobs:extract: tailwindcss_oxide::scanner: exit
2026-01-24T19:18:44.839612Z  INFO extract_candidates:parse_all_blobs: tailwindcss_oxide::scanner: exit
2026-01-24T19:18:44.839868Z  INFO extract_candidates: tailwindcss_oxide::scanner: exit
2026-01-24T19:18:44.840049Z  INFO get_files: tailwindcss_oxide::scanner: enter
2026-01-24T19:18:44.840056Z  INFO get_files:scan_sources: tailwindcss_oxide::scanner: enter
2026-01-24T19:18:44.841151Z  INFO get_files:scan_sources: tailwindcss_oxide::scanner: Discovering "G:\\GitHub\\nand15-website\\app"
2026-01-24T19:18:44.841678Z  INFO get_files:scan_sources: tailwindcss_oxide::scanner: Discovering "G:\\GitHub\\nand15-website\\public"
2026-01-24T19:18:44.842030Z  INFO get_files:scan_sources: tailwindcss_oxide::scanner: exit
2026-01-24T19:18:44.842103Z  INFO get_files: tailwindcss_oxide::scanner: exit
2026-01-24T19:18:44.842182Z  INFO get_globs: tailwindcss_oxide::scanner: enter
2026-01-24T19:18:44.842189Z  INFO get_globs: tailwindcss_oxide::scanner: exit
2026-01-24T19:20:33.539204Z  INFO scan_sources: tailwindcss_oxide::scanner: enter
2026-01-24T19:20:33.604030Z  INFO scan_sources: tailwindcss_oxide::scanner: Discovering "G:\\GitHub\\nand15-website\\app"
2026-01-24T19:20:33.604369Z  INFO scan_sources: tailwindcss_oxide::scanner: Discovering "G:\\GitHub\\nand15-website\\app\\page.tsx"
2026-01-24T19:20:33.604869Z  INFO scan_sources: tailwindcss_oxide::scanner: Discovering "G:\\GitHub\\nand15-website\\public"
2026-01-24T19:20:33.605267Z  INFO scan_sources: tailwindcss_oxide::scanner: exit
2026-01-24T19:20:33.605277Z  INFO extract_candidates: tailwindcss_oxide::scanner: enter
2026-01-24T19:20:33.605282Z  INFO extract_candidates:read_all_files: tailwindcss_oxide::scanner: enter
2026-01-24T19:20:33.605286Z  INFO extract_candidates:read_all_files: tailwindcss_oxide::scanner: Reading 1 file(s)
2026-01-24T19:20:33.605353Z  INFO extract_candidates:read_all_files: tailwindcss_oxide::scanner: Reading "G:\\GitHub\\nand15-website\\app\\page.tsx"
2026-01-24T19:20:33.605363Z  INFO extract_candidates:read_all_files: tailwindcss_oxide::scanner: exit
2026-01-24T19:20:33.605367Z  INFO extract_candidates:parse_all_blobs: tailwindcss_oxide::scanner: enter
2026-01-24T19:20:33.605371Z  INFO extract_candidates:parse_all_blobs:extract: tailwindcss_oxide::scanner: enter
2026-01-24T19:20:33.605583Z  INFO extract_candidates:parse_all_blobs:extract: tailwindcss_oxide::scanner: exit
2026-01-24T19:20:33.605611Z  INFO extract_candidates:parse_all_blobs: tailwindcss_oxide::scanner: exit
2026-01-24T19:20:33.605711Z  INFO extract_candidates: tailwindcss_oxide::scanner: exit
2026-01-24T19:20:33.605921Z  INFO get_files: tailwindcss_oxide::scanner: enter
2026-01-24T19:20:33.605928Z  INFO get_files:scan_sources: tailwindcss_oxide::scanner: enter
2026-01-24T19:20:33.606977Z  INFO get_files:scan_sources: tailwindcss_oxide::scanner: Discovering "G:\\GitHub\\nand15-website\\app"
2026-01-24T19:20:33.607495Z  INFO get_files:scan_sources: tailwindcss_oxide::scanner: Discovering "G:\\GitHub\\nand15-website\\public"
2026-01-24T19:20:33.607840Z  INFO get_files:scan_sources: tailwindcss_oxide::scanner: exit
2026-01-24T19:20:33.607920Z  INFO get_files: tailwindcss_oxide::scanner: exit
2026-01-24T19:20:33.608001Z  INFO get_globs: tailwindcss_oxide::scanner: enter
2026-01-24T19:20:33.608008Z  INFO get_globs: tailwindcss_oxide::scanner: exit
2026-01-24T19:21:38.868738Z  INFO scan_sources: tailwindcss_oxide::scanner: enter
2026-01-24T19:21:38.870229Z  INFO scan_sources: tailwindcss_oxide::scanner: Discovering "G:\\GitHub\\nand15-website\\app"
2026-01-24T19:21:38.870442Z  INFO scan_sources: tailwindcss_oxide::scanner: Discovering "G:\\GitHub\\nand15-website\\app\\page.tsx"
2026-01-24T19:21:38.870861Z  INFO scan_sources: tailwindcss_oxide::scanner: Discovering "G:\\GitHub\\nand15-website\\public"
2026-01-24T19:21:38.871245Z  INFO scan_sources: tailwindcss_oxide::scanner: exit
2026-01-24T19:21:38.871255Z  INFO extract_candidates: tailwindcss_oxide::scanner: enter
2026-01-24T19:21:38.871260Z  INFO extract_candidates:read_all_files: tailwindcss_oxide::scanner: enter
2026-01-24T19:21:38.871264Z  INFO extract_candidates:read_all_files: tailwindcss_oxide::scanner: Reading 1 file(s)
2026-01-24T19:21:38.871325Z  INFO extract_candidates:read_all_files: tailwindcss_oxide::scanner: Reading "G:\\GitHub\\nand15-website\\app\\page.tsx"
2026-01-24T19:21:38.871335Z  INFO extract_candidates:read_all_files: tailwindcss_oxide::scanner: exit
2026-01-24T19:21:38.871339Z  INFO extract_candidates:parse_all_blobs: tailwindcss_oxide::scanner: enter
2026-01-24T19:21:38.871343Z  INFO extract_candidates:parse_all_blobs:extract: tailwindcss_oxide::scanner: enter
2026-01-24T19:21:38.871516Z  INFO extract_candidates:parse_all_blobs:extract: tailwindcss_oxide::scanner: exit
2026-01-24T19:21:38.871531Z  INFO extract_candidates:parse_all_blobs: tailwindcss_oxide::scanner: exit
2026-01-24T19:21:38.871731Z  INFO extract_candidates: tailwindcss_oxide::scanner: exit
2026-01-24T19:21:38.871936Z  INFO get_files: tailwindcss_oxide::scanner: enter
2026-01-24T19:21:38.871943Z  INFO get_files:scan_sources: tailwindcss_oxide::scanner: enter
2026-01-24T19:21:38.873057Z  INFO get_files:scan_sources: tailwindcss_oxide::scanner: Discovering "G:\\GitHub\\nand15-website\\app"
2026-01-24T19:21:38.873590Z  INFO get_files:scan_sources: tailwindcss_oxide::scanner: Discovering "G:\\GitHub\\nand15-website\\public"
2026-01-24T19:21:38.873934Z  INFO get_files:scan_sources: tailwindcss_oxide::scanner: exit
2026-01-24T19:21:38.874018Z  INFO get_files: tailwindcss_oxide::scanner: exit
2026-01-24T19:21:38.874102Z  INFO get_globs: tailwindcss_oxide::scanner: enter
2026-01-24T19:21:38.874108Z  INFO get_globs: tailwindcss_oxide::scanner: exit
2026-01-24T19:22:54.790219Z  INFO scan_sources: tailwindcss_oxide::scanner: enter
2026-01-24T19:22:54.791429Z  INFO scan_sources: tailwindcss_oxide::scanner: Discovering "G:\\GitHub\\nand15-website\\app"
2026-01-24T19:22:54.791687Z  INFO scan_sources: tailwindcss_oxide::scanner: Discovering "G:\\GitHub\\nand15-website\\app\\page.tsx"
2026-01-24T19:22:54.792083Z  INFO scan_sources: tailwindcss_oxide::scanner: Discovering "G:\\GitHub\\nand15-website\\public"
2026-01-24T19:22:54.792449Z  INFO scan_sources: tailwindcss_oxide::scanner: exit
2026-01-24T19:22:54.792458Z  INFO extract_candidates: tailwindcss_oxide::scanner: enter
2026-01-24T19:22:54.792463Z  INFO extract_candidates:read_all_files: tailwindcss_oxide::scanner: enter
2026-01-24T19:22:54.792466Z  INFO extract_candidates:read_all_files: tailwindcss_oxide::scanner: Reading 1 file(s)
2026-01-24T19:22:54.792529Z  INFO extract_candidates:read_all_files: tailwindcss_oxide::scanner: Reading "G:\\GitHub\\nand15-website\\app\\page.tsx"
2026-01-24T19:22:54.792538Z  INFO extract_candidates:read_all_files: tailwindcss_oxide::scanner: exit
2026-01-24T19:22:54.792542Z  INFO extract_candidates:parse_all_blobs: tailwindcss_oxide::scanner: enter
2026-01-24T19:22:54.792546Z  INFO extract_candidates:parse_all_blobs:extract: tailwindcss_oxide::scanner: enter
2026-01-24T19:22:54.792652Z  INFO extract_candidates:parse_all_blobs:extract: tailwindcss_oxide::scanner: exit
2026-01-24T19:22:54.792663Z  INFO extract_candidates:parse_all_blobs: tailwindcss_oxide::scanner: exit
2026-01-24T19:22:54.792745Z  INFO extract_candidates: tailwindcss_oxide::scanner: exit
2026-01-24T19:22:54.792952Z  INFO get_files: tailwindcss_oxide::scanner: enter
2026-01-24T19:22:54.792960Z  INFO get_files:scan_sources: tailwindcss_oxide::scanner: enter
2026-01-24T19:22:54.793967Z  INFO get_files:scan_sources: tailwindcss_oxide::scanner: Discovering "G:\\GitHub\\nand15-website\\app"
2026-01-24T19:22:54.794480Z  INFO get_files:scan_sources: tailwindcss_oxide::scanner: Discovering "G:\\GitHub\\nand15-website\\public"
2026-01-24T19:22:54.794874Z  INFO get_files:scan_sources: tailwindcss_oxide::scanner: exit
2026-01-24T19:22:54.794957Z  INFO get_files: tailwindcss_oxide::scanner: exit
2026-01-24T19:22:54.795086Z  INFO get_globs: tailwindcss_oxide::scanner: enter
2026-01-24T19:22:54.795094Z  INFO get_globs: tailwindcss_oxide::scanner: exit
2026-01-24T19:22:56.935015Z  INFO scan_sources: tailwindcss_oxide::scanner: enter
2026-01-24T19:22:56.943108Z  INFO scan_sources: tailwindcss_oxide::scanner: Discovering "G:\\GitHub\\nand15-website\\app"
2026-01-24T19:22:56.943334Z  INFO scan_sources: tailwindcss_oxide::scanner: Discovering "G:\\GitHub\\nand15-website\\app\\page.tsx"
2026-01-24T19:22:56.943738Z  INFO scan_sources: tailwindcss_oxide::scanner: Discovering "G:\\GitHub\\nand15-website\\public"
2026-01-24T19:22:56.944154Z  INFO scan_sources: tailwindcss_oxide::scanner: exit
2026-01-24T19:22:56.944165Z  INFO extract_candidates: tailwindcss_oxide::scanner: enter
2026-01-24T19:22:56.944170Z  INFO extract_candidates:read_all_files: tailwindcss_oxide::scanner: enter
2026-01-24T19:22:56.944173Z  INFO extract_candidates:read_all_files: tailwindcss_oxide::scanner: Reading 1 file(s)
2026-01-24T19:22:56.944263Z  INFO extract_candidates:read_all_files: tailwindcss_oxide::scanner: Reading "G:\\GitHub\\nand15-website\\app\\page.tsx"
2026-01-24T19:22:56.944277Z  INFO extract_candidates:read_all_files: tailwindcss_oxide::scanner: exit
2026-01-24T19:22:56.944281Z  INFO extract_candidates:parse_all_blobs: tailwindcss_oxide::scanner: enter
2026-01-24T19:22:56.944285Z  INFO extract_candidates:parse_all_blobs:extract: tailwindcss_oxide::scanner: enter
2026-01-24T19:22:56.944543Z  INFO extract_candidates:parse_all_blobs:extract: tailwindcss_oxide::scanner: exit
2026-01-24T19:22:56.944560Z  INFO extract_candidates:parse_all_blobs: tailwindcss_oxide::scanner: exit
2026-01-24T19:22:56.944664Z  INFO extract_candidates: tailwindcss_oxide::scanner: exit
2026-01-24T19:22:56.945063Z  INFO get_files: tailwindcss_oxide::scanner: enter
2026-01-24T19:22:56.945077Z  INFO get_files:scan_sources: tailwindcss_oxide::scanner: enter
2026-01-24T19:22:56.946529Z  INFO get_files:scan_sources: tailwindcss_oxide::scanner: Discovering "G:\\GitHub\\nand15-website\\app"
2026-01-24T19:22:56.947207Z  INFO get_files:scan_sources: tailwindcss_oxide::scanner: Discovering "G:\\GitHub\\nand15-website\\public"
2026-01-24T19:22:56.947603Z  INFO get_files:scan_sources: tailwindcss_oxide::scanner: exit
2026-01-24T19:22:56.947706Z  INFO get_files: tailwindcss_oxide::scanner: exit
2026-01-24T19:22:56.947833Z  INFO get_globs: tailwindcss_oxide::scanner: enter
2026-01-24T19:22:56.947842Z  INFO get_globs: tailwindcss_oxide::scanner: exit
2026-01-24T19:29:58.853276Z  INFO scan_sources: tailwindcss_oxide::scanner: enter
2026-01-24T19:29:58.855012Z  INFO scan_sources: tailwindcss_oxide::scanner: Discovering "G:\\GitHub\\nand15-website\\app"
2026-01-24T19:29:58.855240Z  INFO scan_sources: tailwindcss_oxide::scanner: Discovering "G:\\GitHub\\nand15-website\\app\\page.tsx"
2026-01-24T19:29:58.855629Z  INFO scan_sources: tailwindcss_oxide::scanner: Discovering "G:\\GitHub\\nand15-website\\public"
2026-01-24T19:29:58.856056Z  INFO scan_sources: tailwindcss_oxide::scanner: exit
2026-01-24T19:29:58.856068Z  INFO extract_candidates: tailwindcss_oxide::scanner: enter
2026-01-24T19:29:58.856074Z  INFO extract_candidates:read_all_files: tailwindcss_oxide::scanner: enter
2026-01-24T19:29:58.856077Z  INFO extract_candidates:read_all_files: tailwindcss_oxide::scanner: Reading 1 file(s)
2026-01-24T19:29:58.856153Z  INFO extract_candidates:read_all_files: tailwindcss_oxide::scanner: Reading "G:\\GitHub\\nand15-website\\app\\page.tsx"
2026-01-24T19:29:58.856165Z  INFO extract_candidates:read_all_files: tailwindcss_oxide::scanner: exit
2026-01-24T19:29:58.856170Z  INFO extract_candidates:parse_all_blobs: tailwindcss_oxide::scanner: enter
2026-01-24T19:29:58.856174Z  INFO extract_candidates:parse_all_blobs:extract: tailwindcss_oxide::scanner: enter
2026-01-24T19:29:58.856418Z  INFO extract_candidates:parse_all_blobs:extract: tailwindcss_oxide::scanner: exit
2026-01-24T19:29:58.856437Z  INFO extract_candidates:parse_all_blobs: tailwindcss_oxide::scanner: exit
2026-01-24T19:29:58.856566Z  INFO extract_candidates: tailwindcss_oxide::scanner: exit
2026-01-24T19:29:58.856922Z  INFO get_files: tailwindcss_oxide::scanner: enter
2026-01-24T19:29:58.857083Z  INFO get_files:scan_sources: tailwindcss_oxide::scanner: enter
2026-01-24T19:29:58.858321Z  INFO get_files:scan_sources: tailwindcss_oxide::scanner: Discovering "G:\\GitHub\\nand15-website\\app"
2026-01-24T19:29:58.858998Z  INFO get_files:scan_sources: tailwindcss_oxide::scanner: Discovering "G:\\GitHub\\nand15-website\\public"
2026-01-24T19:29:58.859643Z  INFO get_files:scan_sources: tailwindcss_oxide::scanner: exit
2026-01-24T19:29:58.859771Z  INFO get_files: tailwindcss_oxide::scanner: exit
2026-01-24T19:29:58.859886Z  INFO get_globs: tailwindcss_oxide::scanner: enter
2026-01-24T19:29:58.859894Z  INFO get_globs: tailwindcss_oxide::scanner: exit
2026-01-24T19:30:06.599748Z  INFO scan_sources: tailwindcss_oxide::scanner: enter
2026-01-24T19:30:06.601225Z  INFO scan_sources: tailwindcss_oxide::scanner: Discovering "G:\\GitHub\\nand15-website\\app"
2026-01-24T19:30:06.601518Z  INFO scan_sources: tailwindcss_oxide::scanner: Discovering "G:\\GitHub\\nand15-website\\app\\page.tsx"
2026-01-24T19:30:06.601908Z  INFO scan_sources: tailwindcss_oxide::scanner: Discovering "G:\\GitHub\\nand15-website\\public"
2026-01-24T19:30:06.602349Z  INFO scan_sources: tailwindcss_oxide::scanner: exit
2026-01-24T19:30:06.602363Z  INFO extract_candidates: tailwindcss_oxide::scanner: enter
2026-01-24T19:30:06.602369Z  INFO extract_candidates:read_all_files: tailwindcss_oxide::scanner: enter
2026-01-24T19:30:06.602374Z  INFO extract_candidates:read_all_files: tailwindcss_oxide::scanner: Reading 1 file(s)
2026-01-24T19:30:06.602487Z  INFO extract_candidates:read_all_files: tailwindcss_oxide::scanner: Reading "G:\\GitHub\\nand15-website\\app\\page.tsx"
2026-01-24T19:30:06.602501Z  INFO extract_candidates:read_all_files: tailwindcss_oxide::scanner: exit
2026-01-24T19:30:06.602508Z  INFO extract_candidates:parse_all_blobs: tailwindcss_oxide::scanner: enter
2026-01-24T19:30:06.602514Z  INFO extract_candidates:parse_all_blobs:extract: tailwindcss_oxide::scanner: enter
2026-01-24T19:30:06.602733Z  INFO extract_candidates:parse_all_blobs:extract: tailwindcss_oxide::scanner: exit
2026-01-24T19:30:06.602748Z  INFO extract_candidates:parse_all_blobs: tailwindcss_oxide::scanner: exit
2026-01-24T19:30:06.602837Z  INFO extract_candidates: tailwindcss_oxide::scanner: exit
2026-01-24T19:30:06.603093Z  INFO get_files: tailwindcss_oxide::scanner: enter
2026-01-24T19:30:06.603101Z  INFO get_files:scan_sources: tailwindcss_oxide::scanner: enter
2026-01-24T19:30:06.604221Z  INFO get_files:scan_sources: tailwindcss_oxide::scanner: Discovering "G:\\GitHub\\nand15-website\\app"
2026-01-24T19:30:06.604862Z  INFO get_files:scan_sources: tailwindcss_oxide::scanner: Discovering "G:\\GitHub\\nand15-website\\public"
2026-01-24T19:30:06.605465Z  INFO get_files:scan_sources: tailwindcss_oxide::scanner: exit
2026-01-24T19:30:06.605572Z  INFO get_files: tailwindcss_oxide::scanner: exit
2026-01-24T19:30:06.605664Z  INFO get_globs: tailwindcss_oxide::scanner: enter
2026-01-24T19:30:06.605671Z  INFO get_globs: tailwindcss_oxide::scanner: exit
2026-01-24T20:54:31.173208Z  INFO scan_sources: tailwindcss_oxide::scanner: enter
2026-01-24T20:54:31.177038Z  INFO scan_sources: tailwindcss_oxide::scanner: Discovering "G:\\GitHub\\nand15-website\\app"
2026-01-24T20:54:31.177482Z  INFO scan_sources: tailwindcss_oxide::scanner: Discovering "G:\\GitHub\\nand15-website\\app\\page.tsx"
2026-01-24T20:54:31.178210Z  INFO scan_sources: tailwindcss_oxide::scanner: Discovering "G:\\GitHub\\nand15-website\\public"
2026-01-24T20:54:31.178979Z  INFO scan_sources: tailwindcss_oxide::scanner: exit
2026-01-24T20:54:31.178995Z  INFO extract_candidates: tailwindcss_oxide::scanner: enter
2026-01-24T20:54:31.179007Z  INFO extract_candidates:read_all_files: tailwindcss_oxide::scanner: enter
2026-01-24T20:54:31.179014Z  INFO extract_candidates:read_all_files: tailwindcss_oxide::scanner: Reading 1 file(s)
2026-01-24T20:54:31.179136Z  INFO extract_candidates:read_all_files: tailwindcss_oxide::scanner: Reading "G:\\GitHub\\nand15-website\\app\\page.tsx"
2026-01-24T20:54:31.179324Z  INFO extract_candidates:read_all_files: tailwindcss_oxide::scanner: exit
2026-01-24T20:54:31.179335Z  INFO extract_candidates:parse_all_blobs: tailwindcss_oxide::scanner: enter
2026-01-24T20:54:31.179345Z  INFO extract_candidates:parse_all_blobs:extract: tailwindcss_oxide::scanner: enter
2026-01-24T20:54:31.180121Z  INFO extract_candidates:parse_all_blobs:extract: tailwindcss_oxide::scanner: exit
2026-01-24T20:54:31.180135Z  INFO extract_candidates:parse_all_blobs: tailwindcss_oxide::scanner: exit
2026-01-24T20:54:31.180482Z  INFO extract_candidates: tailwindcss_oxide::scanner: exit
2026-01-24T20:54:31.180935Z  INFO get_files: tailwindcss_oxide::scanner: enter
2026-01-24T20:54:31.180946Z  INFO get_files:scan_sources: tailwindcss_oxide::scanner: enter
2026-01-24T20:54:31.182384Z  INFO get_files:scan_sources: tailwindcss_oxide::scanner: Discovering "G:\\GitHub\\nand15-website\\app"
2026-01-24T20:54:31.183040Z  INFO get_files:scan_sources: tailwindcss_oxide::scanner: Discovering "G:\\GitHub\\nand15-website\\public"
2026-01-24T20:54:31.183427Z  INFO get_files:scan_sources: tailwindcss_oxide::scanner: exit
2026-01-24T20:54:31.183543Z  INFO get_files: tailwindcss_oxide::scanner: exit
2026-01-24T20:54:31.183687Z  INFO get_globs: tailwindcss_oxide::scanner: enter
2026-01-24T20:54:31.183697Z  INFO get_globs: tailwindcss_oxide::scanner: exit
2026-01-24T20:56:22.733204Z  INFO scan_sources: tailwindcss_oxide::scanner: enter
2026-01-24T20:56:22.734690Z  INFO scan_sources: tailwindcss_oxide::scanner: Discovering "G:\\GitHub\\nand15-website\\app"
2026-01-24T20:56:22.734896Z  INFO scan_sources: tailwindcss_oxide::scanner: Discovering "G:\\GitHub\\nand15-website\\app\\page.tsx"
2026-01-24T20:56:22.735278Z  INFO scan_sources: tailwindcss_oxide::scanner: Discovering "G:\\GitHub\\nand15-website\\public"
2026-01-24T20:56:22.735661Z  INFO scan_sources: tailwindcss_oxide::scanner: exit
2026-01-24T20:56:22.735671Z  INFO extract_candidates: tailwindcss_oxide::scanner: enter
2026-01-24T20:56:22.735676Z  INFO extract_candidates:read_all_files: tailwindcss_oxide::scanner: enter
2026-01-24T20:56:22.735680Z  INFO extract_candidates:read_all_files: tailwindcss_oxide::scanner: Reading 1 file(s)
2026-01-24T20:56:22.735741Z  INFO extract_candidates:read_all_files: tailwindcss_oxide::scanner: Reading "G:\\GitHub\\nand15-website\\app\\page.tsx"
2026-01-24T20:56:22.735751Z  INFO extract_candidates:read_all_files: tailwindcss_oxide::scanner: exit
2026-01-24T20:56:22.735755Z  INFO extract_candidates:parse_all_blobs: tailwindcss_oxide::scanner: enter
2026-01-24T20:56:22.735758Z  INFO extract_candidates:parse_all_blobs:extract: tailwindcss_oxide::scanner: enter
2026-01-24T20:56:22.735954Z  INFO extract_candidates:parse_all_blobs:extract: tailwindcss_oxide::scanner: exit
2026-01-24T20:56:22.735966Z  INFO extract_candidates:parse_all_blobs: tailwindcss_oxide::scanner: exit
2026-01-24T20:56:22.736127Z  INFO extract_candidates: tailwindcss_oxide::scanner: exit
2026-01-24T20:56:22.736364Z  INFO get_files: tailwindcss_oxide::scanner: enter
2026-01-24T20:56:22.736370Z  INFO get_files:scan_sources: tailwindcss_oxide::scanner: enter
2026-01-24T20:56:22.737354Z  INFO get_files:scan_sources: tailwindcss_oxide::scanner: Discovering "G:\\GitHub\\nand15-website\\app"
2026-01-24T20:56:22.737897Z  INFO get_files:scan_sources: tailwindcss_oxide::scanner: Discovering "G:\\GitHub\\nand15-website\\public"
2026-01-24T20:56:22.738234Z  INFO get_files:scan_sources: tailwindcss_oxide::scanner: exit
2026-01-24T20:56:22.738320Z  INFO get_files: tailwindcss_oxide::scanner: exit
2026-01-24T20:56:22.738385Z  INFO get_globs: tailwindcss_oxide::scanner: enter
2026-01-24T20:56:22.738390Z  INFO get_globs: tailwindcss_oxide::scanner: exit
2026-01-24T21:04:16.380642Z  INFO scan_sources: tailwindcss_oxide::scanner: enter
2026-01-24T21:04:16.381876Z  INFO scan_sources: tailwindcss_oxide::scanner: Discovering "G:\\GitHub\\nand15-website\\app"
2026-01-24T21:04:16.382088Z  INFO scan_sources: tailwindcss_oxide::scanner: Discovering "G:\\GitHub\\nand15-website\\app\\page.tsx"
2026-01-24T21:04:16.382502Z  INFO scan_sources: tailwindcss_oxide::scanner: Discovering "G:\\GitHub\\nand15-website\\public"
2026-01-24T21:04:16.382871Z  INFO scan_sources: tailwindcss_oxide::scanner: exit
2026-01-24T21:04:16.382881Z  INFO extract_candidates: tailwindcss_oxide::scanner: enter
2026-01-24T21:04:16.382885Z  INFO extract_candidates:read_all_files: tailwindcss_oxide::scanner: enter
2026-01-24T21:04:16.382889Z  INFO extract_candidates:read_all_files: tailwindcss_oxide::scanner: Reading 1 file(s)
2026-01-24T21:04:16.382955Z  INFO extract_candidates:read_all_files: tailwindcss_oxide::scanner: Reading "G:\\GitHub\\nand15-website\\app\\page.tsx"
2026-01-24T21:04:16.382968Z  INFO extract_candidates:read_all_files: tailwindcss_oxide::scanner: exit
2026-01-24T21:04:16.382972Z  INFO extract_candidates:parse_all_blobs: tailwindcss_oxide::scanner: enter
2026-01-24T21:04:16.382976Z  INFO extract_candidates:parse_all_blobs:extract: tailwindcss_oxide::scanner: enter
2026-01-24T21:04:16.383246Z  INFO extract_candidates:parse_all_blobs:extract: tailwindcss_oxide::scanner: exit
2026-01-24T21:04:16.383262Z  INFO extract_candidates:parse_all_blobs: tailwindcss_oxide::scanner: exit
2026-01-24T21:04:16.383460Z  INFO extract_candidates: tailwindcss_oxide::scanner: exit
2026-01-24T21:04:16.383793Z  INFO get_files: tailwindcss_oxide::scanner: enter
2026-01-24T21:04:16.383801Z  INFO get_files:scan_sources: tailwindcss_oxide::scanner: enter
2026-01-24T21:04:16.384888Z  INFO get_files:scan_sources: tailwindcss_oxide::scanner: Discovering "G:\\GitHub\\nand15-website\\app"
2026-01-24T21:04:16.385448Z  INFO get_files:scan_sources: tailwindcss_oxide::scanner: Discovering "G:\\GitHub\\nand15-website\\public"
2026-01-24T21:04:16.385803Z  INFO get_files:scan_sources: tailwindcss_oxide::scanner: exit
2026-01-24T21:04:16.385883Z  INFO get_files: tailwindcss_oxide::scanner: exit
2026-01-24T21:04:16.385943Z  INFO get_globs: tailwindcss_oxide::scanner: enter
2026-01-24T21:04:16.385949Z  INFO get_globs: tailwindcss_oxide::scanner: exit
